<?xml version="1.0" encoding="UTF-8"?>
<!-- Generated by org.testng.reporters.JUnitXMLReporter -->
<testsuite hostname="DESKTOP-3JEN6LT" ignored="4" name="Default test" tests="1" failures="0" timestamp="2021-05-16T16:51:34 IST" time="0.226" errors="0">
  <testcase name="verifysix" time="0.033" classname="com.testing.moduleone.Mymoduleone"/>
  <testcase name="verifyfour" time="0.0" classname="com.testing.moduleone.Mymoduleone">
    <ignored/>
  </testcase> <!-- verifyfour -->
  <testcase name="verifytwo" time="0.0" classname="com.testing.moduleone.Mymoduleone">
    <ignored/>
  </testcase> <!-- verifytwo -->
  <testcase name="verification" time="0.0" classname="com.testing.moduleone.Mymoduleone">
    <ignored/>
  </testcase> <!-- verification -->
  <testcase name="verifyfive" time="0.0" classname="com.testing.moduleone.Mymoduleone">
    <ignored/>
  </testcase> <!-- verifyfive -->
</testsuite> <!-- Default test -->
