<?xml version="1.0" encoding="UTF-8"?>
<!-- Generated by org.testng.reporters.JUnitXMLReporter -->
<testsuite hostname="DESKTOP-3JEN6LT" ignored="0" name="Test" tests="4" failures="0" timestamp="2021-05-17T12:39:15 IST" time="2.394" errors="0">
  <testcase name="verification" time="0.022" classname="com.testing.moduleone.Mymoduleone"/>
  <testcase name="verifyfour" time="2.171" classname="com.testing.moduleone.Mymoduleone"/>
  <testcase name="verifysix" time="0.006" classname="com.testing.moduleone.Mymoduleone"/>
  <testcase name="verifytwo" time="0.01" classname="com.testing.moduleone.Mymoduleone"/>
</testsuite> <!-- Test -->
