<?xml version="1.0" encoding="UTF-8"?>
<!-- Generated by org.testng.reporters.JUnitXMLReporter -->
<testsuite hostname="DESKTOP-3JEN6LT" ignored="0" name="Test" tests="4" failures="0" timestamp="2021-05-17T17:37:55 IST" time="1.139" errors="0">
  <testcase name="verification" time="0.005" classname="com.testing.moduleone.Mymoduleone"/>
  <testcase name="verifyfour" time="1.033" classname="com.testing.moduleone.Mymoduleone"/>
  <testcase name="verifysix" time="0.001" classname="com.testing.moduleone.Mymoduleone"/>
  <testcase name="verifytwo" time="0.001" classname="com.testing.moduleone.Mymoduleone"/>
</testsuite> <!-- Test -->
