<?xml version="1.0" encoding="UTF-8"?>
<testsuite name="TestSuite" time="1.048" tests="4" errors="0" skipped="0" failures="0">
  <properties>
[...]
</properties>
  <testcase name="verification" classname="com.testing.moduleone.Mymoduleone" time="0.009"/>
  <testcase name="verifyfour" classname="com.testing.moduleone.Mymoduleone" time="1.036"/>
  <testcase name="verifysix" classname="com.testing.moduleone.Mymoduleone" time="0"/>
  <testcase name="verifytwo" classname="com.testing.moduleone.Mymoduleone" time="0.003"/>
</testsuite>